<?xml version="1.0" encoding="UTF-8"?>
<testsuite xmlns:xsi="http://www.w3.org/2001/XMLSchema-instance" xsi:noNamespaceSchemaLocation="https://maven.apache.org/surefire/maven-surefire-plugin/xsd/surefire-test-report-3.0.xsd" version="3.0" name="com.fx.sample.CurrencyContractTest" time="5.733" tests="1" errors="0" skipped="0" failures="0">
  <properties>
[...]
</properties>
  <testcase name="currenciesEndpointHonoursItsContract" classname="com.fx.sample.CurrencyContractTest" time="0.39">
    <system-out><![CDATA[11:35:19.061 [main] INFO org.springframework.test.context.support.AnnotationConfigContextLoaderUtils -- Could not detect default configuration classes for test class [com.fx.sample.CurrencyContractTest]: CurrencyContractTest does not declare any static, non-private, non-final, nested classes annotated with @Configuration.
11:35:19.330 [main] INFO org.springframework.boot.test.context.SpringBootTestContextBootstrapper -- Found @SpringBootConfiguration com.fx.FxApplication for test class com.fx.sample.CurrencyContractTest

  .   ____          _            __ _ _
 /\\ / ___'_ __ _ _(_)_ __  __ _ \ \ \ \
( ( )\___ | '_ | '_| | '_ \/ _` | \ \ \ \
 \\/  ___)| |_)| | | | | || (_| |  ) ) ) )
  '  |____| .__|_| |_|_| |_\__, | / / / /
 =========|_|==============|___/=/_/_/_/

 :: Spring Boot ::                (v3.3.4)

2026-07-21T11:35:20.086+08:00  INFO 30625 --- [fx-app] [           main] com.fx.sample.CurrencyContractTest       : Starting CurrencyContractTest using Java 21.0.11 with PID 30625 (started by czxx in /home/czxx/genai-team-sprint)
2026-07-21T11:35:20.089+08:00  INFO 30625 --- [fx-app] [           main] com.fx.sample.CurrencyContractTest       : No active profile set, falling back to 1 default profile: "default"
2026-07-21T11:35:23.320+08:00  INFO 30625 --- [fx-app] [           main] o.s.b.a.w.s.WelcomePageHandlerMapping    : Adding welcome page: class path resource [static/index.html]
2026-07-21T11:35:23.981+08:00  INFO 30625 --- [fx-app] [           main] o.s.b.t.m.w.SpringBootMockServletContext : Initializing Spring TestDispatcherServlet ''
2026-07-21T11:35:23.981+08:00  INFO 30625 --- [fx-app] [           main] o.s.t.web.servlet.TestDispatcherServlet  : Initializing Servlet ''
2026-07-21T11:35:23.990+08:00  INFO 30625 --- [fx-app] [           main] o.s.t.web.servlet.TestDispatcherServlet  : Completed initialization in 4 ms
2026-07-21T11:35:24.035+08:00  INFO 30625 --- [fx-app] [           main] com.fx.sample.CurrencyContractTest       : Started CurrencyContractTest in 4.566 seconds (process running for 6.39)
]]></system-out>
    <system-err><![CDATA[WARNING: A Java agent has been loaded dynamically (/home/czxx/.m2/repository/net/bytebuddy/byte-buddy-agent/1.14.19/byte-buddy-agent-1.14.19.jar)
WARNING: If a serviceability tool is in use, please run with -XX:+EnableDynamicAgentLoading to hide this warning
WARNING: If a serviceability tool is not in use, please run with -Djdk.instrument.traceUsage for more information
WARNING: Dynamic loading of agents will be disallowed by default in a future release
]]></system-err>
  </testcase>
</testsuite>